Removed Pin From Net: NetName=GND Pin=C1-2
Removed Pin From Net: NetName=NetD2_K Pin=D2-2
Removed Pin From Net: NetName=NetD3_K Pin=D3-K
Removed Pin From Net: NetName=GND Pin=D4-2
Removed Pin From Net: NetName=NetD2_K Pin=D5-1
Removed Pin From Net: NetName=GND Pin=D5-2
Removed Pin From Net: NetName=VBUS Pin=F1-1
Removed Pin From Net: NetName=GND Pin=K1-1
Removed Pin From Net: NetName=GND Pin=K1-2
Removed Pin From Net: NetName=GND Pin=K1-4
Removed Pin From Net: NetName=GND Pin=K2-1
Removed Pin From Net: NetName=GND Pin=K2-2
Removed Pin From Net: NetName=NetD3_K Pin=R3-1
Removed Pin From Net: NetName=GND Pin=S1-0
Removed Pin From Net: NetName=GND Pin=S1-0
Removed Pin From Net: NetName=GND Pin=S1-0
Removed Pin From Net: NetName=GND Pin=S1-0
Removed Pin From Net: NetName=VCC_5V Pin=S1-1
Removed Pin From Net: NetName=NetC2_2 Pin=S1-2
Removed Pin From Net: NetName=GND Pin=S1-3
Removed Pin From Net: NetName=GND Pin=S2-0
Removed Pin From Net: NetName=GND Pin=S2-0
Removed Pin From Net: NetName=GND Pin=S2-0
Removed Pin From Net: NetName=GND Pin=S2-0
Removed Pin From Net: NetName=GND Pin=S2-3
Removed Pin From Net: NetName=NetD3_K Pin=U1-7
Removed Pin From Net: NetName=NetC2_2 Pin=U1-8
Removed Pin From Net: NetName=GND Pin=U1-9
Removed Pin From Net: NetName=GND Pin=U2-9
Removed Member From Class: ClassName=SportsLight Member=F1
Removed Member From Class: ClassName=SportsLight Member=S1
Removed Member From Class: ClassName=SportsLight Member=S2
Change Component Footprint: Designator=L1 Old Footprint=CD43 New Footprint=0630L
Change Component Footprint: Designator=U1 Old Footprint=ESOP8 New Footprint=SOT23-6
Change Component Footprint: Designator=D2 Old Footprint=LED-0602-RD New Footprint=LED-0603Y
Change Component Footprint: Designator=D1 Old Footprint=LED-0602-RD New Footprint=SMA/DO-214AC
Change Component Footprint: Designator=D3 Old Footprint=LED-3528R New Footprint=LED-0602-RD
Change Component Comment : Designator=R1 Old Comment=0.5R New Comment=0.3R
Change Component Comment : Designator=L1 Old Comment=1.5uH New Comment=10uH
Change Component Comment : Designator=C1 Old Comment=3.3nF New Comment=10uF
Change Component Comment : Designator=C4 Old Comment=10uF New Comment=0.1uF/16V
Change Component Comment : Designator=C2 Old Comment=10uF New Comment=0.1uF
Change Component Comment : Designator=R3 Old Comment=30K New Comment=330R
Change Component Comment : Designator=R4 Old Comment=33R New Comment=1K
Change Component Comment : Designator=J1 Old Comment=CE New Comment=Pin HDR1X2
Change Component Comment : Designator=D5 Old Comment=LED1 New Comment=LED_Y
Change Component Comment : Designator=D2 Old Comment=LED2 New Comment=LED_Y
Change Component Comment : Designator=D4 Old Comment=LED3 New Comment=LED_Y
Change Component Comment : Designator=D1 Old Comment=LED4 New Comment=SS32 3A 20V
Change Component Comment : Designator=D3 Old Comment=LED-3528 New Comment=LED_Y
Change Component Comment : Designator=U1 Old Comment=SY3511 New Comment=HM1160
Change component parameters: Designator = "USB1" ("USB1"); Footprint = "USB-C-SMD_TYPE-C-6P-CB0.8-073"; UniqueID = "\LVCCIYPM" ("\LVCCIYPM")
Change component parameters (AddParameter): Name = "BOM_Manufacturer"; Value = "SHOU HAN(Ê×º«)"; VariantName = "[No Variations]"
Change component parameters (AddParameter): Name = "BOM_Manufacturer Part"; Value = "TYPE-C 6P CB0.8(073)"; VariantName = "[No Variations]"
Change component parameters (AddParameter): Name = "BOM_Supplier"; Value = "LCSC"; VariantName = "[No Variations]"
Change component parameters (AddParameter): Name = "BOM_Supplier Part"; Value = "C2858273"; VariantName = "[No Variations]"
Change component parameters (AddParameter): Name = "Contributor"; Value = "LCSC"; VariantName = "[No Variations]"
Change component parameters (AddParameter): Name = "spicePre"; Value = "U"; VariantName = "[No Variations]"
Change component parameters (AddParameter): Name = "spiceSymbolName"; Value = "TYPE-C 6P CB0.8(073)"; VariantName = "[No Variations]"
Added Component: Designator=C6(0603C)
Added Component: Designator=C7(0603C)
Added Component: Designator=D15(LED-0602-RD)
Added Component: Designator=D16(LED-0602-RD)
Added Component: Designator=EC1(SMD-EC4.0X4.3X5.4)
Added Component: Designator=EC2(SMD-EC4.0X4.3X5.4)
Added Component: Designator=R17(0603R)
Add Component: Footprint Not Found SW-TH_K3-1260D-F1
Added Component: Designator=U3(ESOP8)
Added Pin To Net: NetName=GND Pin=C1-1
Added Pin To Net: NetName=GND Pin=C6-1
Added Pin To Net: NetName=GND Pin=C7-1
Added Pin To Net: NetName=NetC2_2 Pin=D1-K
Added Pin To Net: NetName=NetD2_K Pin=D2-K
Added Pin To Net: NetName=NetD3_K Pin=D3-2
Added Pin To Net: NetName=NetC2_2 Pin=EC1-1
Added Pin To Net: NetName=GND Pin=EC1-2
Added Pin To Net: NetName=GND Pin=EC2-2
Added Pin To Net: NetName=VBUS Pin=R1-2
Added Pin To Net: NetName=GND Pin=R17-1
Add Pin To Net: Unknown Pin: Pin SW1-1
Add Pin To Net: Unknown Pin: Pin SW1-2
Added Pin To Net: NetName=NetD3_K Pin=U1-5
Added Pin To Net: NetName=NetC2_2 Pin=U3-1
Added Pin To Net: NetName=GND Pin=U3-7
Added Pin To Net: NetName=BAT+ Pin=C4-2
Added Pin To Net: NetName=BAT+ Pin=C6-2
Added Pin To Net: NetName=BAT+ Pin=C7-2
Added Pin To Net: NetName=BAT+ Pin=J1-2
Added Pin To Net: NetName=BAT+ Pin=L1-1
Added Pin To Net: NetName=BAT+ Pin=U3-6
Added Pin To Net: NetName=BAT+ Pin=K1-3
Added Net: Name=BAT+
Added Pin To Net: NetName=NetC1_2 Pin=C1-2
Added Pin To Net: NetName=NetC1_2 Pin=R1-1
Added Pin To Net: NetName=NetC1_2 Pin=R4-2
Added Pin To Net: NetName=NetC1_2 Pin=U3-5
Added Net: Name=NetC1_2
Added Pin To Net: NetName=NetD1_A Pin=D1-A
Added Pin To Net: NetName=NetD1_A Pin=L1-2
Added Pin To Net: NetName=NetD1_A Pin=U3-8
Added Net: Name=NetD1_A
Added Pin To Net: NetName=NetD2_A Pin=D2-A
Added Pin To Net: NetName=NetD2_A Pin=R3-1
Added Pin To Net: NetName=NetD2_A Pin=D3-1
Added Pin To Net: NetName=NetD2_A Pin=D4-1
Added Pin To Net: NetName=NetD2_A Pin=D5-1
Added Net: Name=NetD2_A
Added Pin To Net: NetName=NetD4_K Pin=U1-4
Added Pin To Net: NetName=NetD4_K Pin=D4-2
Added Net: Name=NetD4_K
Added Pin To Net: NetName=NetD5_K Pin=U1-3
Added Pin To Net: NetName=NetD5_K Pin=D5-2
Added Net: Name=NetD5_K
Added Pin To Net: NetName=NetD15_A Pin=R4-1
Added Pin To Net: NetName=NetD15_A Pin=D15-1
Added Pin To Net: NetName=NetD15_A Pin=D16-1
Added Net: Name=NetD15_A
Added Pin To Net: NetName=NetD15_K Pin=U3-4
Added Pin To Net: NetName=NetD15_K Pin=D15-2
Added Net: Name=NetD15_K
Added Pin To Net: NetName=NetD16_K Pin=U3-2
Added Pin To Net: NetName=NetD16_K Pin=D16-2
Added Net: Name=NetD16_K
Added Pin To Net: NetName=NetEC2_1 Pin=EC2-1
Added Pin To Net: NetName=NetEC2_1 Pin=R3-2
Added Pin To Net: NetName=NetEC2_1 Pin=U1-1
Added Pin To Net: NetName=NetEC2_1 Pin=K1-4
Added Net: Name=NetEC2_1
Added Pin To Net: NetName=NetR17_2 Pin=R17-2
Added Pin To Net: NetName=NetR17_2 Pin=U3-3
Added Net: Name=NetR17_2
Added Member To Class: ClassName=SportsLight Member=Component C6 22uF/16V
Added Member To Class: ClassName=SportsLight Member=Component C7 22uF/16V
Added Member To Class: ClassName=SportsLight Member=Component D15 LED_G
Added Member To Class: ClassName=SportsLight Member=Component D16 LED_R
Added Member To Class: ClassName=SportsLight Member=Component EC1 47uF
Added Member To Class: ClassName=SportsLight Member=Component EC2 1uF
Added Member To Class: ClassName=SportsLight Member=Component R17 1K
Add Class Member: Failed to add class member : Component SW1 K3-1260D-F1
Added Member To Class: ClassName=SportsLight Member=Component U3 HM9503
