Added Component: Designator=C1(0603C)
Add component. Clean all parameters for all variants
Added Component: Designator=C2(0603C)
Add component. Clean all parameters for all variants
Added Component: Designator=C3(0603C)
Add component. Clean all parameters for all variants
Added Component: Designator=C4(0603C)
Add component. Clean all parameters for all variants
Added Component: Designator=C5(0603C)
Add component. Clean all parameters for all variants
Added Component: Designator=C6(0603C)
Add component. Clean all parameters for all variants
Added Component: Designator=C7(0603C)
Add component. Clean all parameters for all variants
Added Component: Designator=C8(0603C)
Add component. Clean all parameters for all variants
Added Component: Designator=C9(0603C)
Add component. Clean all parameters for all variants
Added Component: Designator=C10(0603C)
Add component. Clean all parameters for all variants
Added Component: Designator=C11(0603C)
Add component. Clean all parameters for all variants
Added Component: Designator=D1(LED-0805Y)
Add component. Clean all parameters for all variants
Added Component: Designator=D2(LED-0805R)
Add component. Clean all parameters for all variants
Added Component: Designator=D3(LED-0805R)
Add component. Clean all parameters for all variants
Added Component: Designator=D4(LED-0805R)
Add component. Clean all parameters for all variants
Added Component: Designator=D5(LED-5630W)
Add component. Clean all parameters for all variants
Added Component: Designator=D6(LED-5630W)
Add component. Clean all parameters for all variants
Added Component: Designator=D7(LED-5630W)
Add component. Clean all parameters for all variants
Added Component: Designator=D8(LED-5630W)
Add component. Clean all parameters for all variants
Added Component: Designator=D9(LED-5630W)
Add component. Clean all parameters for all variants
Added Component: Designator=D10(LED-5630W)
Add component. Clean all parameters for all variants
Added Component: Designator=D11(LED-5630W)
Add component. Clean all parameters for all variants
Added Component: Designator=D12(LED-5630W)
Add component. Clean all parameters for all variants
Added Component: Designator=D13(LED-5630W)
Add component. Clean all parameters for all variants
Added Component: Designator=D14(LED-5630W)
Add component. Clean all parameters for all variants
Added Component: Designator=D15(LED-5630W)
Add component. Clean all parameters for all variants
Added Component: Designator=D16(LED-5630W)
Add component. Clean all parameters for all variants
Added Component: Designator=J1(Pin HDR1X2/2.54mm-S)
Add component. Clean all parameters for all variants
Added Component: Designator=J2(Pin HDR1X2/2.54mm-S)
Add component. Clean all parameters for all variants
Added Component: Designator=K1(DIP-6X6X10_C)
Add component. Clean all parameters for all variants
Added Component: Designator=K2(DIP-6X6X10_C)
Add component. Clean all parameters for all variants
Added Component: Designator=L1(0630L)
Add component. Clean all parameters for all variants
Added Component: Designator=R1(0603R)
Add component. Clean all parameters for all variants
Added Component: Designator=R2(0603R)
Add component. Clean all parameters for all variants
Added Component: Designator=R3(0603R)
Add component. Clean all parameters for all variants
Added Component: Designator=R4(0603R)
Add component. Clean all parameters for all variants
Added Component: Designator=R5(0603R)
Add component. Clean all parameters for all variants
Added Component: Designator=R6(0603R)
Add component. Clean all parameters for all variants
Added Component: Designator=R7(0603R)
Add component. Clean all parameters for all variants
Added Component: Designator=R8(0603R)
Add component. Clean all parameters for all variants
Added Component: Designator=R9(0603R)
Add component. Clean all parameters for all variants
Added Component: Designator=R10(0603R)
Add component. Clean all parameters for all variants
Added Component: Designator=R11(0603R)
Add component. Clean all parameters for all variants
Added Component: Designator=R12(0603R)
Add component. Clean all parameters for all variants
Added Component: Designator=R13(0603R)
Add component. Clean all parameters for all variants
Added Component: Designator=R14(0603R)
Add component. Clean all parameters for all variants
Added Component: Designator=R15(0603R)
Add component. Clean all parameters for all variants
Added Component: Designator=R16(0603R)
Add component. Clean all parameters for all variants
Added Component: Designator=R17(0603R)
Add component. Clean all parameters for all variants
Added Component: Designator=R18(0603R)
Add component. Clean all parameters for all variants
Added Component: Designator=R19(0603R)
Add component. Clean all parameters for all variants
Added Component: Designator=R20(0603R)
Add component. Clean all parameters for all variants
Added Component: Designator=R21(0603R)
Add component. Clean all parameters for all variants
Added Component: Designator=R22(0603R)
Add component. Clean all parameters for all variants
Added Component: Designator=R23(0603R)
Add component. Clean all parameters for all variants
Added Component: Designator=R24(0603R)
Add component. Clean all parameters for all variants
Added Component: Designator=R25(0603R)
Add component. Clean all parameters for all variants
Added Component: Designator=R26(0603R)
Add component. Clean all parameters for all variants
Added Component: Designator=R27(0603R)
Add component. Clean all parameters for all variants
Added Component: Designator=R28(0603R)
Add component. Clean all parameters for all variants
Added Component: Designator=S1(SS-12F23)
Add component. Clean all parameters for all variants
Added Component: Designator=S2(SS-12F23)
Add component. Clean all parameters for all variants
Added Component: Designator=U1(ESOP16)
Add component. Clean all parameters for all variants
Added Component: Designator=U2(SOP8)
Add component. Clean all parameters for all variants
Added Component: Designator=U3(SOP8)
Add component. Clean all parameters for all variants
Added Component: Designator=USB1(USB-C-SMD_TYPE-C-6P-CB0.8-073)
Add component. Clean all parameters for all variants
Add component (AddParameter): Name = "BOM_Manufacturer"; Value = "SHOU HAN(Ê×º«)"; VariantName = "[No Variations]"
Add component (AddParameter): Name = "BOM_Manufacturer Part"; Value = "TYPE-C 6P CB0.8(073)"; VariantName = "[No Variations]"
Add component (AddParameter): Name = "BOM_Supplier"; Value = "LCSC"; VariantName = "[No Variations]"
Add component (AddParameter): Name = "BOM_Supplier Part"; Value = "C2858273"; VariantName = "[No Variations]"
Add component (AddParameter): Name = "Contributor"; Value = "LCSC"; VariantName = "[No Variations]"
Add component (AddParameter): Name = "spicePre"; Value = "U"; VariantName = "[No Variations]"
Add component (AddParameter): Name = "spiceSymbolName"; Value = "TYPE-C 6P CB0.8(073)"; VariantName = "[No Variations]"
Added Pin To Net: NetName=BTN Pin=U2-7
Added Pin To Net: NetName=BTN Pin=U3-7
Added Net: Name=BTN
Added Pin To Net: NetName=CE0 Pin=J2-1
Added Pin To Net: NetName=CE0 Pin=J2-2
Added Pin To Net: NetName=CE0 Pin=R2-1
Added Pin To Net: NetName=CE0 Pin=R14-1
Added Pin To Net: NetName=CE0 Pin=S1-1
Added Pin To Net: NetName=CE0 Pin=U2-4
Added Pin To Net: NetName=CE0 Pin=U2-8
Added Pin To Net: NetName=CE0 Pin=U3-4
Added Pin To Net: NetName=CE0 Pin=U3-8
Added Net: Name=CE0
Added Pin To Net: NetName=GND Pin=C1-1
Added Pin To Net: NetName=GND Pin=C2-1
Added Pin To Net: NetName=GND Pin=C3-2
Added Pin To Net: NetName=GND Pin=C4-2
Added Pin To Net: NetName=GND Pin=C5-1
Added Pin To Net: NetName=GND Pin=C6-2
Added Pin To Net: NetName=GND Pin=C7-2
Added Pin To Net: NetName=GND Pin=C8-2
Added Pin To Net: NetName=GND Pin=C9-2
Added Pin To Net: NetName=GND Pin=C10-2
Added Pin To Net: NetName=GND Pin=C11-2
Added Pin To Net: NetName=GND Pin=J1-1
Added Pin To Net: NetName=GND Pin=R7-1
Added Pin To Net: NetName=GND Pin=R8-1
Added Pin To Net: NetName=GND Pin=R9-1
Added Pin To Net: NetName=GND Pin=R10-1
Added Pin To Net: NetName=GND Pin=R11-1
Added Pin To Net: NetName=GND Pin=R12-1
Added Pin To Net: NetName=GND Pin=R13-1
Added Pin To Net: NetName=GND Pin=R15-1
Added Pin To Net: NetName=GND Pin=R16-1
Added Pin To Net: NetName=GND Pin=R17-1
Added Pin To Net: NetName=GND Pin=R18-1
Added Pin To Net: NetName=GND Pin=R19-1
Added Pin To Net: NetName=GND Pin=R20-1
Added Pin To Net: NetName=GND Pin=R21-1
Added Pin To Net: NetName=GND Pin=R22-1
Added Pin To Net: NetName=GND Pin=R23-1
Added Pin To Net: NetName=GND Pin=R24-1
Added Pin To Net: NetName=GND Pin=R25-1
Added Pin To Net: NetName=GND Pin=R26-1
Added Pin To Net: NetName=GND Pin=R27-1
Added Pin To Net: NetName=GND Pin=R28-1
Added Pin To Net: NetName=GND Pin=S2-2
Added Pin To Net: NetName=GND Pin=U1-12
Added Pin To Net: NetName=GND Pin=U1-17
Added Pin To Net: NetName=GND Pin=U2-3
Added Pin To Net: NetName=GND Pin=U3-3
Added Pin To Net: NetName=GND Pin=USB1-1
Added Pin To Net: NetName=GND Pin=USB1-6
Added Pin To Net: NetName=GND Pin=USB1-7
Added Pin To Net: NetName=GND Pin=USB1-7
Added Pin To Net: NetName=GND Pin=USB1-8
Added Pin To Net: NetName=GND Pin=USB1-8
Added Net: Name=GND
Added Pin To Net: NetName=LED4 Pin=D3-A
Added Pin To Net: NetName=LED4 Pin=U1-5
Added Net: Name=LED4
Added Pin To Net: NetName=LED5 Pin=D2-A
Added Pin To Net: NetName=LED5 Pin=U1-4
Added Net: Name=LED5
Added Pin To Net: NetName=MODE Pin=R14-2
Added Pin To Net: NetName=MODE Pin=R21-2
Added Pin To Net: NetName=MODE Pin=U2-1
Added Pin To Net: NetName=MODE Pin=U3-1
Added Net: Name=MODE
Added Pin To Net: NetName=NetC1_2 Pin=C1-2
Added Pin To Net: NetName=NetC1_2 Pin=C2-2
Added Pin To Net: NetName=NetC1_2 Pin=C4-1
Added Pin To Net: NetName=NetC1_2 Pin=S1-2
Added Pin To Net: NetName=NetC1_2 Pin=U1-1
Added Net: Name=NetC1_2
Added Pin To Net: NetName=NetC6_1 Pin=C6-1
Added Pin To Net: NetName=NetC6_1 Pin=C7-1
Added Pin To Net: NetName=NetC6_1 Pin=J1-2
Added Pin To Net: NetName=NetC6_1 Pin=R6-2
Added Pin To Net: NetName=NetC6_1 Pin=U1-14
Added Net: Name=NetC6_1
Added Pin To Net: NetName=NetC8_1 Pin=C8-1
Added Pin To Net: NetName=NetC8_1 Pin=C9-1
Added Pin To Net: NetName=NetC8_1 Pin=L1-1
Added Pin To Net: NetName=NetC8_1 Pin=R6-1
Added Pin To Net: NetName=NetC8_1 Pin=U1-15
Added Net: Name=NetC8_1
Added Pin To Net: NetName=NetC10_1 Pin=C10-1
Added Pin To Net: NetName=NetC10_1 Pin=U2-6
Added Net: Name=NetC10_1
Added Pin To Net: NetName=NetC11_1 Pin=C11-1
Added Pin To Net: NetName=NetC11_1 Pin=U3-6
Added Net: Name=NetC11_1
Added Pin To Net: NetName=NetD1_A Pin=D1-A
Added Pin To Net: NetName=NetD1_A Pin=R4-2
Added Pin To Net: NetName=NetD1_A Pin=U1-3
Added Net: Name=NetD1_A
Added Pin To Net: NetName=NetD1_K Pin=D1-K
Added Pin To Net: NetName=NetD1_K Pin=R3-2
Added Net: Name=NetD1_K
Added Pin To Net: NetName=NetD2_K Pin=D2-K
Added Pin To Net: NetName=NetD2_K Pin=R10-2
Added Net: Name=NetD2_K
Added Pin To Net: NetName=NetD3_K Pin=D3-K
Added Pin To Net: NetName=NetD3_K Pin=R11-2
Added Net: Name=NetD3_K
Added Pin To Net: NetName=NetD4_A Pin=D4-A
Added Pin To Net: NetName=NetD4_A Pin=U1-6
Added Net: Name=NetD4_A
Added Pin To Net: NetName=NetD4_K Pin=D4-K
Added Pin To Net: NetName=NetD4_K Pin=R12-2
Added Net: Name=NetD4_K
Added Pin To Net: NetName=NetD5_A Pin=D5-A
Added Pin To Net: NetName=NetD5_A Pin=D5-A
Added Pin To Net: NetName=NetD5_A Pin=D5-A
Added Pin To Net: NetName=NetD5_A Pin=D6-A
Added Pin To Net: NetName=NetD5_A Pin=D6-A
Added Pin To Net: NetName=NetD5_A Pin=D6-A
Added Pin To Net: NetName=NetD5_A Pin=D7-A
Added Pin To Net: NetName=NetD5_A Pin=D7-A
Added Pin To Net: NetName=NetD5_A Pin=D7-A
Added Pin To Net: NetName=NetD5_A Pin=D8-A
Added Pin To Net: NetName=NetD5_A Pin=D8-A
Added Pin To Net: NetName=NetD5_A Pin=D8-A
Added Pin To Net: NetName=NetD5_A Pin=D9-A
Added Pin To Net: NetName=NetD5_A Pin=D9-A
Added Pin To Net: NetName=NetD5_A Pin=D9-A
Added Pin To Net: NetName=NetD5_A Pin=D10-A
Added Pin To Net: NetName=NetD5_A Pin=D10-A
Added Pin To Net: NetName=NetD5_A Pin=D10-A
Added Pin To Net: NetName=NetD5_A Pin=U2-5
Added Net: Name=NetD5_A
Added Pin To Net: NetName=NetD5_K Pin=D5-K
Added Pin To Net: NetName=NetD5_K Pin=D5-K
Added Pin To Net: NetName=NetD5_K Pin=R15-2
Added Net: Name=NetD5_K
Added Pin To Net: NetName=NetD6_K Pin=D6-K
Added Pin To Net: NetName=NetD6_K Pin=D6-K
Added Pin To Net: NetName=NetD6_K Pin=R16-2
Added Net: Name=NetD6_K
Added Pin To Net: NetName=NetD7_K Pin=D7-K
Added Pin To Net: NetName=NetD7_K Pin=D7-K
Added Pin To Net: NetName=NetD7_K Pin=R17-2
Added Net: Name=NetD7_K
Added Pin To Net: NetName=NetD8_K Pin=D8-K
Added Pin To Net: NetName=NetD8_K Pin=D8-K
Added Pin To Net: NetName=NetD8_K Pin=R18-2
Added Net: Name=NetD8_K
Added Pin To Net: NetName=NetD9_K Pin=D9-K
Added Pin To Net: NetName=NetD9_K Pin=D9-K
Added Pin To Net: NetName=NetD9_K Pin=R19-2
Added Net: Name=NetD9_K
Added Pin To Net: NetName=NetD10_K Pin=D10-K
Added Pin To Net: NetName=NetD10_K Pin=D10-K
Added Pin To Net: NetName=NetD10_K Pin=R20-2
Added Net: Name=NetD10_K
Added Pin To Net: NetName=NetD11_A Pin=D11-A
Added Pin To Net: NetName=NetD11_A Pin=D11-A
Added Pin To Net: NetName=NetD11_A Pin=D11-A
Added Pin To Net: NetName=NetD11_A Pin=D12-A
Added Pin To Net: NetName=NetD11_A Pin=D12-A
Added Pin To Net: NetName=NetD11_A Pin=D12-A
Added Pin To Net: NetName=NetD11_A Pin=D13-A
Added Pin To Net: NetName=NetD11_A Pin=D13-A
Added Pin To Net: NetName=NetD11_A Pin=D13-A
Added Pin To Net: NetName=NetD11_A Pin=D14-A
Added Pin To Net: NetName=NetD11_A Pin=D14-A
Added Pin To Net: NetName=NetD11_A Pin=D14-A
Added Pin To Net: NetName=NetD11_A Pin=D15-A
Added Pin To Net: NetName=NetD11_A Pin=D15-A
Added Pin To Net: NetName=NetD11_A Pin=D15-A
Added Pin To Net: NetName=NetD11_A Pin=D16-A
Added Pin To Net: NetName=NetD11_A Pin=D16-A
Added Pin To Net: NetName=NetD11_A Pin=D16-A
Added Pin To Net: NetName=NetD11_A Pin=U3-5
Added Net: Name=NetD11_A
Added Pin To Net: NetName=NetD11_K Pin=D11-K
Added Pin To Net: NetName=NetD11_K Pin=D11-K
Added Pin To Net: NetName=NetD11_K Pin=R23-2
Added Net: Name=NetD11_K
Added Pin To Net: NetName=NetD12_K Pin=D12-K
Added Pin To Net: NetName=NetD12_K Pin=D12-K
Added Pin To Net: NetName=NetD12_K Pin=R24-2
Added Net: Name=NetD12_K
Added Pin To Net: NetName=NetD13_K Pin=D13-K
Added Pin To Net: NetName=NetD13_K Pin=D13-K
Added Pin To Net: NetName=NetD13_K Pin=R25-2
Added Net: Name=NetD13_K
Added Pin To Net: NetName=NetD14_K Pin=D14-K
Added Pin To Net: NetName=NetD14_K Pin=D14-K
Added Pin To Net: NetName=NetD14_K Pin=R26-2
Added Net: Name=NetD14_K
Added Pin To Net: NetName=NetD15_K Pin=D15-K
Added Pin To Net: NetName=NetD15_K Pin=D15-K
Added Pin To Net: NetName=NetD15_K Pin=R27-2
Added Net: Name=NetD15_K
Added Pin To Net: NetName=NetD16_K Pin=D16-K
Added Pin To Net: NetName=NetD16_K Pin=D16-K
Added Pin To Net: NetName=NetD16_K Pin=R28-2
Added Net: Name=NetD16_K
Added Pin To Net: NetName=NetK1_1 Pin=K1-1
Added Pin To Net: NetName=NetK1_1 Pin=R3-1
Added Pin To Net: NetName=NetK1_1 Pin=S2-1
Added Net: Name=NetK1_1
Added Pin To Net: NetName=NetK1_3 Pin=K1-3
Added Pin To Net: NetName=NetK1_3 Pin=R4-1
Added Net: Name=NetK1_3
Added Pin To Net: NetName=NetL1_2 Pin=L1-2
Added Pin To Net: NetName=NetL1_2 Pin=U1-16
Added Net: Name=NetL1_2
Added Pin To Net: NetName=NetR5_1 Pin=R5-1
Added Pin To Net: NetName=NetR5_1 Pin=R7-2
Added Pin To Net: NetName=NetR5_1 Pin=U1-11
Added Pin To Net: NetName=NetR5_1 Pin=U1-11
Added Pin To Net: NetName=NetR5_1 Pin=U1-11
Added Pin To Net: NetName=NetR5_1 Pin=U1-11
Added Pin To Net: NetName=NetR5_1 Pin=U1-11
Added Net: Name=NetR5_1
Added Pin To Net: NetName=NetR8_2 Pin=R8-2
Added Pin To Net: NetName=NetR8_2 Pin=U1-8
Added Net: Name=NetR8_2
Added Pin To Net: NetName=NetR9_2 Pin=R9-2
Added Pin To Net: NetName=NetR9_2 Pin=U1-9
Added Net: Name=NetR9_2
Added Pin To Net: NetName=NetR13_2 Pin=R13-2
Added Pin To Net: NetName=NetR13_2 Pin=U2-2
Added Net: Name=NetR13_2
Added Pin To Net: NetName=NetR22_2 Pin=R22-2
Added Pin To Net: NetName=NetR22_2 Pin=U3-2
Added Net: Name=NetR22_2
Added Pin To Net: NetName=VBUS Pin=C3-1
Added Pin To Net: NetName=VBUS Pin=U1-2
Added Pin To Net: NetName=VBUS Pin=USB1-2
Added Pin To Net: NetName=VBUS Pin=USB1-5
Added Net: Name=VBUS
Added Pin To Net: NetName=VCC Pin=C5-2
Added Pin To Net: NetName=VCC Pin=R1-1
Added Pin To Net: NetName=VCC Pin=U1-13
Added Net: Name=VCC
Added Pin To Net: NetName=VCCX Pin=R1-2
Added Pin To Net: NetName=VCCX Pin=R2-2
Added Pin To Net: NetName=VCCX Pin=R5-2
Added Pin To Net: NetName=VCCX Pin=U1-7
Added Pin To Net: NetName=VCCX Pin=U1-10
Added Pin To Net: NetName=VCCX Pin=U1-10
Added Pin To Net: NetName=VCCX Pin=U1-10
Added Pin To Net: NetName=VCCX Pin=U1-10
Added Pin To Net: NetName=VCCX Pin=U1-10
Added Net: Name=VCCX
Added Class: Name=SportsLight
