Change Physical Footprint: Designator=C1 Old Footprint=0603C New Footprint=0603C
Change Physical Footprint: Designator=C2 Old Footprint=0603C New Footprint=0603C
Change Physical Footprint: Designator=C3 Old Footprint=0603C New Footprint=0603C
Change Physical Footprint: Designator=C4 Old Footprint=0603C New Footprint=0603C
Change Physical Footprint: Designator=C5 Old Footprint=0603C New Footprint=0603C
Change Physical Footprint: Designator=C6 Old Footprint=0603C New Footprint=0603C
Change Physical Footprint: Designator=C7 Old Footprint=0603C New Footprint=0603C
Change Physical Footprint: Designator=D1 Old Footprint=SMA/DO-214AC New Footprint=SMA/DO-214AC
Change Physical Footprint: Designator=D2 Old Footprint=LED-0603Y New Footprint=LED-0603Y
Change Physical Footprint: Designator=D3 Old Footprint=LED-0602-RD New Footprint=LED-0602-RD
Change Physical Footprint: Designator=D4 Old Footprint=LED-0602-RD New Footprint=LED-0602-RD
Change Physical Footprint: Designator=D5 Old Footprint=LED-0602-RD New Footprint=LED-0602-RD
Change Physical Footprint: Designator=D6 Old Footprint=LED-5630W New Footprint=LED-5630W
Change Physical Footprint: Designator=D7 Old Footprint=LED-5630W New Footprint=LED-5630W
Change Physical Footprint: Designator=D8 Old Footprint=LED-5630W New Footprint=LED-5630W
Change Physical Footprint: Designator=D9 Old Footprint=LED-5630W New Footprint=LED-5630W
Change Physical Footprint: Designator=D10 Old Footprint=LED-5630W New Footprint=LED-5630W
Change Physical Footprint: Designator=D11 Old Footprint=LED-5630W New Footprint=LED-5630W
Change Physical Footprint: Designator=D12 Old Footprint=LED-5630W New Footprint=LED-5630W
Change Physical Footprint: Designator=D13 Old Footprint=LED-5630W New Footprint=LED-5630W
Change Physical Footprint: Designator=D14 Old Footprint=LED-5630W New Footprint=LED-5630W
Change Physical Footprint: Designator=D15 Old Footprint=LED-0602-RD New Footprint=LED-0602-RD
Change Physical Footprint: Designator=D16 Old Footprint=LED-0602-RD New Footprint=LED-0602-RD
Change Physical Footprint: Designator=EC1 Old Footprint=SMD-EC4.0X4.3X5.4 New Footprint=SMD-EC4.0X4.3X5.4
Change Physical Footprint: Designator=EC2 Old Footprint=SMD-EC4.0X4.3X5.4 New Footprint=SMD-EC4.0X4.3X5.4
Change Physical Footprint: Designator=J1 Old Footprint=Pin HDR1X2/2.54mm-S New Footprint=Pin HDR1X2/2.54mm-S
Change Physical Footprint: Designator=K1 Old Footprint=SMD-3.5x7.8x2.5_C New Footprint=SMD-3.5x7.8x2.5_C
Change Physical Footprint: Designator=K2 Old Footprint=SMD-3.5x7.8x2.5_C New Footprint=SMD-3.5x7.8x2.5_C
Change Physical Footprint: Designator=L1 Old Footprint=0630L New Footprint=0630L
Change Physical Footprint: Designator=R1 Old Footprint=0603R New Footprint=0603R
Change Physical Footprint: Designator=R2 Old Footprint=0603R New Footprint=0603R
Change Physical Footprint: Designator=R3 Old Footprint=0603R New Footprint=0603R
Change Physical Footprint: Designator=R4 Old Footprint=0603R New Footprint=0603R
Change Physical Footprint: Designator=R5 Old Footprint=0603R New Footprint=0603R
Change Physical Footprint: Designator=R6 Old Footprint=0603R New Footprint=0603R
Change Physical Footprint: Designator=R7 Old Footprint=0603R New Footprint=0603R
Change Physical Footprint: Designator=R8 Old Footprint=0603R New Footprint=0603R
Change Physical Footprint: Designator=R9 Old Footprint=0603R New Footprint=0603R
Change Physical Footprint: Designator=R10 Old Footprint=0603R New Footprint=0603R
Change Physical Footprint: Designator=R11 Old Footprint=0603R New Footprint=0603R
Change Physical Footprint: Designator=R12 Old Footprint=0603R New Footprint=0603R
Change Physical Footprint: Designator=R13 Old Footprint=0603R New Footprint=0603R
Change Physical Footprint: Designator=R14 Old Footprint=0603R New Footprint=0603R
Change Physical Footprint: Designator=R15 Old Footprint=0603R New Footprint=0603R
Change Physical Footprint: Designator=R16 Old Footprint=0603R New Footprint=0603R
Change Physical Footprint: Designator=R17 Old Footprint=0603R New Footprint=0603R
Change Physical Footprint: Designator=U1 Old Footprint=SOT23-6 New Footprint=SOT23-6
Change Physical Footprint: Designator=U2 Old Footprint=ESOP8 New Footprint=ESOP8
Change Physical Footprint: Designator=U3 Old Footprint=ESOP8 New Footprint=ESOP8
Change Physical Footprint: Designator=USB1 Old Footprint=USB-C-SMD_TYPE-C-6P-CB0.8-073 New Footprint=USB-C-SMD_TYPE-C-6P-CB0.8-073
