Removed Pin From Net: NetName=GND Pin=USB1-1
Removed Pin From Net: NetName=VBUS Pin=USB1-2
Removed Pin From Net: NetName=VBUS Pin=USB1-5
Removed Pin From Net: NetName=GND Pin=USB1-6
Removed Pin From Net: NetName=GND Pin=USB1-7
Removed Pin From Net: NetName=GND Pin=USB1-7
Removed Pin From Net: NetName=GND Pin=USB1-8
Removed Pin From Net: NetName=GND Pin=USB1-8
Added Component: Designator=USB1(USB-C-SMD_TYPE-C-6P-CB0.8-073)
Add component. Clean all parameters for all variants
Add component (AddParameter): Name = "BOM_Manufacturer"; Value = "SHOU HAN(Ê×º«)"; VariantName = "[No Variations]"
Add component (AddParameter): Name = "BOM_Manufacturer Part"; Value = "TYPE-C 6P CB0.8(073)"; VariantName = "[No Variations]"
Add component (AddParameter): Name = "BOM_Supplier"; Value = "LCSC"; VariantName = "[No Variations]"
Add component (AddParameter): Name = "BOM_Supplier Part"; Value = "C2858273"; VariantName = "[No Variations]"
Add component (AddParameter): Name = "Contributor"; Value = "LCSC"; VariantName = "[No Variations]"
Add component (AddParameter): Name = "spicePre"; Value = "U"; VariantName = "[No Variations]"
Add component (AddParameter): Name = "spiceSymbolName"; Value = "TYPE-C 6P CB0.8(073)"; VariantName = "[No Variations]"
Added Pin To Net: NetName=GND Pin=USB1-1
Added Pin To Net: NetName=VBUS Pin=USB1-2
Added Pin To Net: NetName=VBUS Pin=USB1-5
Added Pin To Net: NetName=GND Pin=USB1-6
Added Pin To Net: NetName=GND Pin=USB1-7
Added Pin To Net: NetName=GND Pin=USB1-7
Added Pin To Net: NetName=GND Pin=USB1-8
Added Pin To Net: NetName=GND Pin=USB1-8
